<?xml version="1.0" encoding="UTF-8"?>
<testng-results skipped="0" failed="1" ignored="1" total="5" passed="3">
  <reporter-output>
  </reporter-output>
  <suite name="Default suite" duration-ms="12610" started-at="2019-02-05T05:51:00Z" finished-at="2019-02-05T05:51:13Z">
    <groups>
    </groups>
    <test name="Default test" duration-ms="12610" started-at="2019-02-05T05:51:00Z" finished-at="2019-02-05T05:51:13Z">
      <class name="test.HomePageLinksChecking">
        <test-method status="PASS" signature="init()[pri:0, instance:test.HomePageLinksChecking@3ecd23d9]" name="init" is-config="true" duration-ms="2267" started-at="2019-02-05T05:51:00Z" finished-at="2019-02-05T05:51:02Z">
          <reporter-output>
          </reporter-output>
        </test-method> <!-- init -->
        <test-method status="PASS" signature="openSite()[pri:1, instance:test.HomePageLinksChecking@3ecd23d9]" name="openSite" duration-ms="2892" started-at="2019-02-05T05:51:02Z" finished-at="2019-02-05T05:51:05Z">
          <reporter-output>
          </reporter-output>
        </test-method> <!-- openSite -->
        <test-method status="PASS" signature="logoCheck()[pri:2, instance:test.HomePageLinksChecking@3ecd23d9]" name="logoCheck" duration-ms="1680" started-at="2019-02-05T05:51:05Z" depends-on-methods="test.HomePageLinksChecking.openSite" finished-at="2019-02-05T05:51:07Z">
          <reporter-output>
          </reporter-output>
        </test-method> <!-- logoCheck -->
        <test-method status="PASS" signature="testHover()[pri:4, instance:test.HomePageLinksChecking@3ecd23d9]" name="testHover" duration-ms="3244" started-at="2019-02-05T05:51:07Z" finished-at="2019-02-05T05:51:10Z">
          <reporter-output>
          </reporter-output>
        </test-method> <!-- testHover -->
        <test-method status="FAIL" signature="testDorpdown()[pri:5, instance:test.HomePageLinksChecking@3ecd23d9]" name="testDorpdown" duration-ms="2107" started-at="2019-02-05T05:51:10Z" finished-at="2019-02-05T05:51:12Z">
          <exception class="java.lang.AssertionError">
            <message>
              <![CDATA[null]]>
            </message>
            <full-stacktrace>
              <![CDATA[java.lang.AssertionError: null
at org.testng.Assert.fail(Assert.java:96)
at org.testng.Assert.fail(Assert.java:103)
at test.HomePageLinksChecking.testDorpdown(HomePageLinksChecking.java:196)
at sun.reflect.NativeMethodAccessorImpl.invoke0(Native Method)
at sun.reflect.NativeMethodAccessorImpl.invoke(NativeMethodAccessorImpl.java:62)
at sun.reflect.DelegatingMethodAccessorImpl.invoke(DelegatingMethodAccessorImpl.java:43)
at java.lang.reflect.Method.invoke(Method.java:498)
at org.testng.internal.MethodInvocationHelper.invokeMethod(MethodInvocationHelper.java:124)
at org.testng.internal.Invoker.invokeMethod(Invoker.java:583)
at org.testng.internal.Invoker.invokeTestMethod(Invoker.java:719)
at org.testng.internal.Invoker.invokeTestMethods(Invoker.java:989)
at org.testng.internal.TestMethodWorker.invokeTestMethods(TestMethodWorker.java:125)
at org.testng.internal.TestMethodWorker.run(TestMethodWorker.java:109)
at org.testng.TestRunner.privateRun(TestRunner.java:648)
at org.testng.TestRunner.run(TestRunner.java:505)
at org.testng.SuiteRunner.runTest(SuiteRunner.java:455)
at org.testng.SuiteRunner.runSequentially(SuiteRunner.java:450)
at org.testng.SuiteRunner.privateRun(SuiteRunner.java:415)
at org.testng.SuiteRunner.run(SuiteRunner.java:364)
at org.testng.SuiteRunnerWorker.runSuite(SuiteRunnerWorker.java:52)
at org.testng.SuiteRunnerWorker.run(SuiteRunnerWorker.java:84)
at org.testng.TestNG.runSuitesSequentially(TestNG.java:1208)
at org.testng.TestNG.runSuitesLocally(TestNG.java:1137)
at org.testng.TestNG.runSuites(TestNG.java:1049)
at org.testng.TestNG.run(TestNG.java:1017)
at org.testng.remote.AbstractRemoteTestNG.run(AbstractRemoteTestNG.java:114)
at org.testng.remote.RemoteTestNG.initAndRun(RemoteTestNG.java:251)
at org.testng.remote.RemoteTestNG.main(RemoteTestNG.java:77)
]]>
            </full-stacktrace>
          </exception> <!-- java.lang.AssertionError -->
          <reporter-output>
          </reporter-output>
        </test-method> <!-- testDorpdown -->
        <test-method status="PASS" signature="teardown()[pri:0, instance:test.HomePageLinksChecking@3ecd23d9]" name="teardown" is-config="true" duration-ms="368" started-at="2019-02-05T05:51:12Z" finished-at="2019-02-05T05:51:13Z">
          <reporter-output>
          </reporter-output>
        </test-method> <!-- teardown -->
      </class> <!-- test.HomePageLinksChecking -->
    </test> <!-- Default test -->
  </suite> <!-- Default suite -->
</testng-results>
